<?xml version="1.0" encoding="UTF-8"?>
<!-- Generated by org.testng.reporters.JUnitReportReporter -->
<testsuite hostname="WKSPUN05GRT0506" failures="0" tests="1" name="com.runner.RLL_240Testing_FirstCry_Search.RunnerTestNG" time="22.930" errors="0" timestamp="2024-10-03T16:24:53 IST" skipped="0">
  <testcase classname="com.runner.RLL_240Testing_FirstCry_Search.RunnerTestNG" name="runScenario" time="22.930"/>
</testsuite> <!-- com.runner.RLL_240Testing_FirstCry_Search.RunnerTestNG -->
